/home/khoa/Documents/investment/tasks/hnx_stock_codes.py:24: DeprecationWarning: use options instead of chrome_options
  self._driver = webdriver.Chrome(
/home/khoa/Documents/investment/tasks/hsx_stock_codes.py:35: DeprecationWarning: use options instead of chrome_options
  self._driver = webdriver.Chrome(
/home/khoa/Documents/investment/tasks/upcom_stock_codes.py:24: DeprecationWarning: use options instead of chrome_options
  self._driver = webdriver.Chrome(
Updating data for date 2021-07-01
HNX: 1 rows updated
HNX: 2 rows updated
HNX: 3 rows updated
HNX: 4 rows updated
HNX: 5 rows updated
HNX: 6 rows updated
HNX: 7 rows updated
HNX: 8 rows updated
HNX: 9 rows updated
HNX: 10 rows updated
HNX: 11 rows updated
HNX: 12 rows updated
HNX: 13 rows updated
HNX: 14 rows updated
HNX: 15 rows updated
HNX: 16 rows updated
HNX: 17 rows updated
HNX: 18 rows updated
HNX: 19 rows updated
HNX: 20 rows updated
HNX: 21 rows updated
HNX: 22 rows updated
HNX: 23 rows updated
HNX: 24 rows updated
HNX: 25 rows updated
HNX: 26 rows updated
HNX: 27 rows updated
HNX: 28 rows updated
HNX: 29 rows updated
HNX: 30 rows updated
HNX: 31 rows updated
HNX: 32 rows updated
HNX: 33 rows updated
HNX: 34 rows updated
HNX: 35 rows updated
HNX: 36 rows updated
HNX: 37 rows updated
HNX: 38 rows updated
HNX: 39 rows updated
HNX: 40 rows updated
HNX: 41 rows updated
HNX: 42 rows updated
HNX: 43 rows updated
HNX: 44 rows updated
HNX: 45 rows updated
HNX: 46 rows updated
HNX: 47 rows updated
HNX: 48 rows updated
HNX: 49 rows updated
HNX: 50 rows updated
HNX: 51 rows updated
HNX: 52 rows updated
HNX: 53 rows updated
HNX: 54 rows updated
HNX: 55 rows updated
HNX: 56 rows updated
HNX: 57 rows updated
HNX: 58 rows updated
HNX: 59 rows updated
HNX: 60 rows updated
HNX: 61 rows updated
HNX: 62 rows updated
HNX: 63 rows updated
HNX: 64 rows updated
HNX: 65 rows updated
HNX: 66 rows updated
HNX: 67 rows updated
HNX: 68 rows updated
HNX: 69 rows updated
HNX: 70 rows updated
HNX: 71 rows updated
HNX: 72 rows updated
HNX: 73 rows updated
HNX: 74 rows updated
HNX: 75 rows updated
HNX: 76 rows updated
HNX: 77 rows updated
HNX: 78 rows updated
HNX: 79 rows updated
HNX: 80 rows updated
HNX: 81 rows updated
HNX: 82 rows updated
HNX: 83 rows updated
HNX: 84 rows updated
HNX: 85 rows updated
HNX: 86 rows updated
HNX: 87 rows updated
HNX: 88 rows updated
HNX: 89 rows updated
HNX: 90 rows updated
HNX: 91 rows updated
HNX: 92 rows updated
HNX: 93 rows updated
HNX: 94 rows updated
HNX: 95 rows updated
HNX: 96 rows updated
HNX: 97 rows updated
HNX: 98 rows updated
HNX: 99 rows updated
HNX: 100 rows updated
HNX: 101 rows updated
HNX: 102 rows updated
HNX: 103 rows updated
HNX: 104 rows updated
HNX: 105 rows updated
HNX: 106 rows updated
HNX: 107 rows updated
HNX: 108 rows updated
HNX: 109 rows updated
HNX: 110 rows updated
HNX: 111 rows updated
HNX: 112 rows updated
HNX: 113 rows updated
HNX: 114 rows updated
HNX: 115 rows updated
HNX: 116 rows updated
HNX: 117 rows updated
HNX: 118 rows updated
HNX: 119 rows updated
HNX: 120 rows updated
HNX: 121 rows updated
HNX: 122 rows updated
HNX: 123 rows updated
HNX: 124 rows updated
HNX: 125 rows updated
HNX: 126 rows updated
HNX: 127 rows updated
HNX: 128 rows updated
HNX: 129 rows updated
HNX: 130 rows updated
HNX: 131 rows updated
HNX: 132 rows updated
HNX: 133 rows updated
HNX: 134 rows updated
HNX: 135 rows updated
HNX: 136 rows updated
HNX: 137 rows updated
HNX: 138 rows updated
HNX: 139 rows updated
HNX: 140 rows updated
HNX: 141 rows updated
HNX: 142 rows updated
HNX: 143 rows updated
HNX: 144 rows updated
HNX: 145 rows updated
HNX: 146 rows updated
HNX: 147 rows updated
HNX: 148 rows updated
HNX: 149 rows updated
HNX: 150 rows updated
HNX: 151 rows updated
HNX: 152 rows updated
HNX: 153 rows updated
HNX: 154 rows updated
HNX: 155 rows updated
HNX: 156 rows updated
HNX: 157 rows updated
HNX: 158 rows updated
HNX: 159 rows updated
HNX: 160 rows updated
HNX: 161 rows updated
HNX: 162 rows updated
HNX: 163 rows updated
HNX: 164 rows updated
HNX: 165 rows updated
HNX: 166 rows updated
HNX: 167 rows updated
HNX: 168 rows updated
HNX: 169 rows updated
HNX: 170 rows updated
HNX: 171 rows updated
HNX: 172 rows updated
HNX: 173 rows updated
HNX: 174 rows updated
HNX: 175 rows updated
HNX: 176 rows updated
HNX: 177 rows updated
HNX: 178 rows updated
HNX: 179 rows updated
HNX: 180 rows updated
HNX: 181 rows updated
HNX: 182 rows updated
HNX: 183 rows updated
HNX: 184 rows updated
HNX: 185 rows updated
HNX: 186 rows updated
HNX: 187 rows updated
HNX: 188 rows updated
HNX: 189 rows updated
HNX: 190 rows updated
HNX: 191 rows updated
HNX: 192 rows updated
HNX: 193 rows updated
HNX: 194 rows updated
HNX: 195 rows updated
HNX: 196 rows updated
HNX: 197 rows updated
HNX: 198 rows updated
HNX: 199 rows updated
HNX: 200 rows updated
HNX: 201 rows updated
HNX: 202 rows updated
HNX: 203 rows updated
HNX: 204 rows updated
HNX: 205 rows updated
HNX: 206 rows updated
HNX: 207 rows updated
HNX: 208 rows updated
HNX: 209 rows updated
HNX: 210 rows updated
HNX: 211 rows updated
HNX: 212 rows updated
HNX: 213 rows updated
HNX: 214 rows updated
HNX: 215 rows updated
HNX: 216 rows updated
HNX: 217 rows updated
HNX: 218 rows updated
HNX: 219 rows updated
HNX: 220 rows updated
HNX: 221 rows updated
HNX: 222 rows updated
HNX: 223 rows updated
HNX: 224 rows updated
HNX: 225 rows updated
HNX: 226 rows updated
HNX: 227 rows updated
HNX: 228 rows updated
HNX: 229 rows updated
HNX: 230 rows updated
HNX: 231 rows updated
HNX: 232 rows updated
HNX: 233 rows updated
HNX: 234 rows updated
HNX: 235 rows updated
HNX: 236 rows updated
HNX: 237 rows updated
HNX: 238 rows updated
HNX: 239 rows updated
HNX: 240 rows updated
HNX: 241 rows updated
HNX: 242 rows updated
HNX: 243 rows updated
HNX: 244 rows updated
HNX: 245 rows updated
HNX: 246 rows updated
HNX: 247 rows updated
HNX: 248 rows updated
HNX: 249 rows updated
HNX: 250 rows updated
HNX: 251 rows updated
HNX: 252 rows updated
HNX: 253 rows updated
HNX: 254 rows updated
HNX: 255 rows updated
HNX: 256 rows updated
HNX: 257 rows updated
HNX: 258 rows updated
HNX: 259 rows updated
HNX: 260 rows updated
HNX: 261 rows updated
HNX: 262 rows updated
HNX: 263 rows updated
HNX: 264 rows updated
HNX: 265 rows updated
HNX: 266 rows updated
Foreign key constraint. Stock code FUCTVGF2 removed due to violation
Foreign key constraint. Stock code FUCVREIT removed due to violation
HSX: 3 rows updated
HSX: 4 rows updated
HSX: 5 rows updated
HSX: 6 rows updated
HSX: 7 rows updated
HSX: 8 rows updated
HSX: 9 rows updated
HSX: 10 rows updated
HSX: 11 rows updated
HSX: 12 rows updated
HSX: 13 rows updated
HSX: 14 rows updated
HSX: 15 rows updated
HSX: 16 rows updated
HSX: 17 rows updated
HSX: 18 rows updated
HSX: 19 rows updated
HSX: 20 rows updated
HSX: 21 rows updated
HSX: 22 rows updated
HSX: 23 rows updated
HSX: 24 rows updated
HSX: 25 rows updated
HSX: 26 rows updated
HSX: 27 rows updated
HSX: 28 rows updated
HSX: 29 rows updated
HSX: 30 rows updated
HSX: 31 rows updated
HSX: 32 rows updated
HSX: 33 rows updated
HSX: 34 rows updated
HSX: 35 rows updated
HSX: 36 rows updated
HSX: 37 rows updated
HSX: 38 rows updated
HSX: 39 rows updated
HSX: 40 rows updated
HSX: 41 rows updated
HSX: 42 rows updated
HSX: 43 rows updated
HSX: 44 rows updated
HSX: 45 rows updated
HSX: 46 rows updated
HSX: 47 rows updated
HSX: 48 rows updated
HSX: 49 rows updated
HSX: 50 rows updated
HSX: 51 rows updated
HSX: 52 rows updated
HSX: 53 rows updated
HSX: 54 rows updated
HSX: 55 rows updated
HSX: 56 rows updated
HSX: 57 rows updated
HSX: 58 rows updated
HSX: 59 rows updated
HSX: 60 rows updated
HSX: 61 rows updated
HSX: 62 rows updated
HSX: 63 rows updated
HSX: 64 rows updated
HSX: 65 rows updated
HSX: 66 rows updated
HSX: 67 rows updated
HSX: 68 rows updated
HSX: 69 rows updated
HSX: 70 rows updated
HSX: 71 rows updated
HSX: 72 rows updated
HSX: 73 rows updated
HSX: 74 rows updated
HSX: 75 rows updated
HSX: 76 rows updated
HSX: 77 rows updated
HSX: 78 rows updated
HSX: 79 rows updated
HSX: 80 rows updated
HSX: 81 rows updated
HSX: 82 rows updated
HSX: 83 rows updated
HSX: 84 rows updated
HSX: 85 rows updated
HSX: 86 rows updated
HSX: 87 rows updated
HSX: 88 rows updated
HSX: 89 rows updated
HSX: 90 rows updated
HSX: 91 rows updated
HSX: 92 rows updated
HSX: 93 rows updated
HSX: 94 rows updated
HSX: 95 rows updated
HSX: 96 rows updated
HSX: 97 rows updated
HSX: 98 rows updated
HSX: 99 rows updated
HSX: 100 rows updated
HSX: 101 rows updated
HSX: 102 rows updated
HSX: 103 rows updated
HSX: 104 rows updated
HSX: 105 rows updated
HSX: 106 rows updated
HSX: 107 rows updated
HSX: 108 rows updated
HSX: 109 rows updated
HSX: 110 rows updated
HSX: 111 rows updated
HSX: 112 rows updated
HSX: 113 rows updated
HSX: 114 rows updated
HSX: 115 rows updated
HSX: 116 rows updated
HSX: 117 rows updated
HSX: 118 rows updated
HSX: 119 rows updated
HSX: 120 rows updated
HSX: 121 rows updated
HSX: 122 rows updated
HSX: 123 rows updated
HSX: 124 rows updated
HSX: 125 rows updated
HSX: 126 rows updated
HSX: 127 rows updated
HSX: 128 rows updated
HSX: 129 rows updated
HSX: 130 rows updated
HSX: 131 rows updated
HSX: 132 rows updated
HSX: 133 rows updated
HSX: 134 rows updated
HSX: 135 rows updated
HSX: 136 rows updated
HSX: 137 rows updated
HSX: 138 rows updated
HSX: 139 rows updated
HSX: 140 rows updated
HSX: 141 rows updated
HSX: 142 rows updated
HSX: 143 rows updated
HSX: 144 rows updated
HSX: 145 rows updated
HSX: 146 rows updated
HSX: 147 rows updated
HSX: 148 rows updated
HSX: 149 rows updated
HSX: 150 rows updated
HSX: 151 rows updated
HSX: 152 rows updated
HSX: 153 rows updated
HSX: 154 rows updated
HSX: 155 rows updated
HSX: 156 rows updated
HSX: 157 rows updated
HSX: 158 rows updated
HSX: 159 rows updated
HSX: 160 rows updated
HSX: 161 rows updated
HSX: 162 rows updated
HSX: 163 rows updated
HSX: 164 rows updated
HSX: 165 rows updated
HSX: 166 rows updated
HSX: 167 rows updated
HSX: 168 rows updated
HSX: 169 rows updated
HSX: 170 rows updated
HSX: 171 rows updated
HSX: 172 rows updated
HSX: 173 rows updated
HSX: 174 rows updated
HSX: 175 rows updated
HSX: 176 rows updated
HSX: 177 rows updated
HSX: 178 rows updated
HSX: 179 rows updated
HSX: 180 rows updated
HSX: 181 rows updated
HSX: 182 rows updated
HSX: 183 rows updated
HSX: 184 rows updated
HSX: 185 rows updated
HSX: 186 rows updated
HSX: 187 rows updated
HSX: 188 rows updated
HSX: 189 rows updated
HSX: 190 rows updated
HSX: 191 rows updated
HSX: 192 rows updated
HSX: 193 rows updated
HSX: 194 rows updated
HSX: 195 rows updated
HSX: 196 rows updated
HSX: 197 rows updated
HSX: 198 rows updated
HSX: 199 rows updated
HSX: 200 rows updated
HSX: 201 rows updated
HSX: 202 rows updated
HSX: 203 rows updated
HSX: 204 rows updated
HSX: 205 rows updated
HSX: 206 rows updated
HSX: 207 rows updated
HSX: 208 rows updated
HSX: 209 rows updated
HSX: 210 rows updated
HSX: 211 rows updated
HSX: 212 rows updated
HSX: 213 rows updated
HSX: 214 rows updated
HSX: 215 rows updated
HSX: 216 rows updated
HSX: 217 rows updated
HSX: 218 rows updated
HSX: 219 rows updated
HSX: 220 rows updated
HSX: 221 rows updated
HSX: 222 rows updated
HSX: 223 rows updated
HSX: 224 rows updated
HSX: 225 rows updated
HSX: 226 rows updated
HSX: 227 rows updated
HSX: 228 rows updated
HSX: 229 rows updated
HSX: 230 rows updated
HSX: 231 rows updated
HSX: 232 rows updated
HSX: 233 rows updated
HSX: 234 rows updated
HSX: 235 rows updated
HSX: 236 rows updated
HSX: 237 rows updated
HSX: 238 rows updated
HSX: 239 rows updated
HSX: 240 rows updated
HSX: 241 rows updated
HSX: 242 rows updated
HSX: 243 rows updated
HSX: 244 rows updated
HSX: 245 rows updated
HSX: 246 rows updated
HSX: 247 rows updated
HSX: 248 rows updated
HSX: 249 rows updated
HSX: 250 rows updated
HSX: 251 rows updated
HSX: 252 rows updated
HSX: 253 rows updated
HSX: 254 rows updated
HSX: 255 rows updated
HSX: 256 rows updated
HSX: 257 rows updated
HSX: 258 rows updated
HSX: 259 rows updated
HSX: 260 rows updated
HSX: 261 rows updated
HSX: 262 rows updated
HSX: 263 rows updated
HSX: 264 rows updated
HSX: 265 rows updated
HSX: 266 rows updated
HSX: 267 rows updated
HSX: 268 rows updated
HSX: 269 rows updated
HSX: 270 rows updated
HSX: 271 rows updated
HSX: 272 rows updated
HSX: 273 rows updated
HSX: 274 rows updated
HSX: 275 rows updated
HSX: 276 rows updated
HSX: 277 rows updated
HSX: 278 rows updated
HSX: 279 rows updated
HSX: 280 rows updated
HSX: 281 rows updated
HSX: 282 rows updated
HSX: 283 rows updated
HSX: 284 rows updated
HSX: 285 rows updated
HSX: 286 rows updated
HSX: 287 rows updated
HSX: 288 rows updated
HSX: 289 rows updated
HSX: 290 rows updated
HSX: 291 rows updated
HSX: 292 rows updated
HSX: 293 rows updated
HSX: 294 rows updated
HSX: 295 rows updated
HSX: 296 rows updated
HSX: 297 rows updated
HSX: 298 rows updated
HSX: 299 rows updated
HSX: 300 rows updated
HSX: 301 rows updated
HSX: 302 rows updated
HSX: 303 rows updated
HSX: 304 rows updated
HSX: 305 rows updated
HSX: 306 rows updated
HSX: 307 rows updated
HSX: 308 rows updated
HSX: 309 rows updated
HSX: 310 rows updated
HSX: 311 rows updated
HSX: 312 rows updated
HSX: 313 rows updated
HSX: 314 rows updated
HSX: 315 rows updated
HSX: 316 rows updated
HSX: 317 rows updated
HSX: 318 rows updated
HSX: 319 rows updated
HSX: 320 rows updated
HSX: 321 rows updated
HSX: 322 rows updated
HSX: 323 rows updated
HSX: 324 rows updated
HSX: 325 rows updated
HSX: 326 rows updated
HSX: 327 rows updated
HSX: 328 rows updated
HSX: 329 rows updated
HSX: 330 rows updated
HSX: 331 rows updated
HSX: 332 rows updated
HSX: 333 rows updated
HSX: 334 rows updated
HSX: 335 rows updated
HSX: 336 rows updated
HSX: 337 rows updated
HSX: 338 rows updated
HSX: 339 rows updated
HSX: 340 rows updated
HSX: 341 rows updated
HSX: 342 rows updated
HSX: 343 rows updated
HSX: 344 rows updated
HSX: 345 rows updated
HSX: 346 rows updated
HSX: 347 rows updated
HSX: 348 rows updated
HSX: 349 rows updated
HSX: 350 rows updated
HSX: 351 rows updated
HSX: 352 rows updated
HSX: 353 rows updated
HSX: 354 rows updated
HSX: 355 rows updated
HSX: 356 rows updated
HSX: 357 rows updated
HSX: 358 rows updated
HSX: 359 rows updated
HSX: 360 rows updated
HSX: 361 rows updated
HSX: 362 rows updated
HSX: 363 rows updated
HSX: 364 rows updated
HSX: 365 rows updated
HSX: 366 rows updated
HSX: 367 rows updated
HSX: 368 rows updated
HSX: 369 rows updated
HSX: 370 rows updated
HSX: 371 rows updated
HSX: 372 rows updated
Foreign key constraint. Stock code VNAll-INDEX removed due to violation
Foreign key constraint. Stock code CFPT2101 removed due to violation
Foreign key constraint. Stock code CHDB2101 removed due to violation
Foreign key constraint. Stock code CHPG2101 removed due to violation
Foreign key constraint. Stock code CHPG2102 removed due to violation
Foreign key constraint. Stock code CHPG2103 removed due to violation
Foreign key constraint. Stock code CHPG2104 removed due to violation
Foreign key constraint. Stock code CHPG2105 removed due to violation
Foreign key constraint. Stock code CHPG2106 removed due to violation
Foreign key constraint. Stock code CHPG2107 removed due to violation
Foreign key constraint. Stock code CHPG2108 removed due to violation
Foreign key constraint. Stock code CKDH2002 removed due to violation
Foreign key constraint. Stock code CKDH2101 removed due to violation
Foreign key constraint. Stock code CKDH2102 removed due to violation
Foreign key constraint. Stock code CMBB2101 removed due to violation
Foreign key constraint. Stock code CMBB2102 removed due to violation
Foreign key constraint. Stock code CMSN2101 removed due to violation
Foreign key constraint. Stock code CMSN2102 removed due to violation
Foreign key constraint. Stock code CMSN2103 removed due to violation
Foreign key constraint. Stock code CMWG2101 removed due to violation
Foreign key constraint. Stock code CMWG2102 removed due to violation
Foreign key constraint. Stock code CMWG2103 removed due to violation
Foreign key constraint. Stock code CMWG2104 removed due to violation
Foreign key constraint. Stock code CMWG2105 removed due to violation
Foreign key constraint. Stock code CNVL2101 removed due to violation
Foreign key constraint. Stock code CNVL2102 removed due to violation
Foreign key constraint. Stock code CPDR2101 removed due to violation
Foreign key constraint. Stock code CPDR2102 removed due to violation
Foreign key constraint. Stock code CPNJ2101 removed due to violation
Foreign key constraint. Stock code CPNJ2102 removed due to violation
Foreign key constraint. Stock code CREE2101 removed due to violation
Foreign key constraint. Stock code CSBT2101 removed due to violation
Foreign key constraint. Stock code CSTB2101 removed due to violation
Foreign key constraint. Stock code CSTB2103 removed due to violation
Foreign key constraint. Stock code CSTB2104 removed due to violation
Foreign key constraint. Stock code CTCB2012 removed due to violation
Foreign key constraint. Stock code CTCB2101 removed due to violation
Foreign key constraint. Stock code CTCB2102 removed due to violation
Foreign key constraint. Stock code CTCB2103 removed due to violation
Foreign key constraint. Stock code CTCB2104 removed due to violation
Foreign key constraint. Stock code CTCH2003 removed due to violation
Foreign key constraint. Stock code CTCH2101 removed due to violation
Foreign key constraint. Stock code CTCH2102 removed due to violation
Foreign key constraint. Stock code CTCH2103 removed due to violation
Foreign key constraint. Stock code CVHM2101 removed due to violation
Foreign key constraint. Stock code CVHM2102 removed due to violation
Foreign key constraint. Stock code CVHM2104 removed due to violation
Foreign key constraint. Stock code CVHM2105 removed due to violation
Foreign key constraint. Stock code CVHM2106 removed due to violation
Foreign key constraint. Stock code CVIC2101 removed due to violation
Foreign key constraint. Stock code CVIC2103 removed due to violation
Foreign key constraint. Stock code CVNM2101 removed due to violation
Foreign key constraint. Stock code CVNM2102 removed due to violation
Foreign key constraint. Stock code CVNM2104 removed due to violation
Foreign key constraint. Stock code CVNM2105 removed due to violation
Foreign key constraint. Stock code CVPB2015 removed due to violation
Foreign key constraint. Stock code CVPB2101 removed due to violation
Foreign key constraint. Stock code CVPB2103 removed due to violation
Foreign key constraint. Stock code CVPB2104 removed due to violation
Foreign key constraint. Stock code CVRE2013 removed due to violation
Foreign key constraint. Stock code CVRE2101 removed due to violation
Foreign key constraint. Stock code CVRE2102 removed due to violation
Foreign key constraint. Stock code CVRE2103 removed due to violation
Foreign key constraint. Stock code CVRE2104 removed due to violation
Foreign key constraint. Stock code E1VFVN30 removed due to violation
Foreign key constraint. Stock code FUEMAV30 removed due to violation
Foreign key constraint. Stock code FUESSV30 removed due to violation
Foreign key constraint. Stock code FUESSV50 removed due to violation
Foreign key constraint. Stock code FUESSVFL removed due to violation
Foreign key constraint. Stock code FUEVFVND removed due to violation
Foreign key constraint. Stock code FUEVN100 removed due to violation
HSX: 444 rows updated
UPCOM: 1 rows updated
UPCOM: 2 rows updated
UPCOM: 3 rows updated
UPCOM: 4 rows updated
UPCOM: 5 rows updated
UPCOM: 6 rows updated
UPCOM: 7 rows updated
UPCOM: 8 rows updated
UPCOM: 9 rows updated
UPCOM: 10 rows updated
UPCOM: 11 rows updated
UPCOM: 12 rows updated
UPCOM: 13 rows updated
UPCOM: 14 rows updated
UPCOM: 15 rows updated
UPCOM: 16 rows updated
UPCOM: 17 rows updated
UPCOM: 18 rows updated
UPCOM: 19 rows updated
UPCOM: 20 rows updated
UPCOM: 21 rows updated
UPCOM: 22 rows updated
UPCOM: 23 rows updated
UPCOM: 24 rows updated
UPCOM: 25 rows updated
UPCOM: 26 rows updated
UPCOM: 27 rows updated
UPCOM: 28 rows updated
UPCOM: 29 rows updated
UPCOM: 30 rows updated
UPCOM: 31 rows updated
UPCOM: 32 rows updated
UPCOM: 33 rows updated
UPCOM: 34 rows updated
UPCOM: 35 rows updated
UPCOM: 36 rows updated
UPCOM: 37 rows updated
UPCOM: 38 rows updated
UPCOM: 39 rows updated
UPCOM: 40 rows updated
UPCOM: 41 rows updated
UPCOM: 42 rows updated
UPCOM: 43 rows updated
UPCOM: 44 rows updated
UPCOM: 45 rows updated
UPCOM: 46 rows updated
UPCOM: 47 rows updated
UPCOM: 48 rows updated
UPCOM: 49 rows updated
UPCOM: 50 rows updated
UPCOM: 51 rows updated
UPCOM: 52 rows updated
UPCOM: 53 rows updated
UPCOM: 54 rows updated
UPCOM: 55 rows updated
UPCOM: 56 rows updated
UPCOM: 57 rows updated
UPCOM: 58 rows updated
UPCOM: 59 rows updated
UPCOM: 60 rows updated
UPCOM: 61 rows updated
UPCOM: 62 rows updated
UPCOM: 63 rows updated
UPCOM: 64 rows updated
UPCOM: 65 rows updated
UPCOM: 66 rows updated
UPCOM: 67 rows updated
UPCOM: 68 rows updated
UPCOM: 69 rows updated
UPCOM: 70 rows updated
UPCOM: 71 rows updated
UPCOM: 72 rows updated
UPCOM: 73 rows updated
UPCOM: 74 rows updated
UPCOM: 75 rows updated
UPCOM: 76 rows updated
UPCOM: 77 rows updated
UPCOM: 78 rows updated
UPCOM: 79 rows updated
UPCOM: 80 rows updated
UPCOM: 81 rows updated
UPCOM: 82 rows updated
UPCOM: 83 rows updated
UPCOM: 84 rows updated
UPCOM: 85 rows updated
UPCOM: 86 rows updated
UPCOM: 87 rows updated
UPCOM: 88 rows updated
UPCOM: 89 rows updated
UPCOM: 90 rows updated
UPCOM: 91 rows updated
UPCOM: 92 rows updated
UPCOM: 93 rows updated
UPCOM: 94 rows updated
UPCOM: 95 rows updated
UPCOM: 96 rows updated
UPCOM: 97 rows updated
UPCOM: 98 rows updated
UPCOM: 99 rows updated
UPCOM: 100 rows updated
UPCOM: 101 rows updated
UPCOM: 102 rows updated
UPCOM: 103 rows updated
UPCOM: 104 rows updated
UPCOM: 105 rows updated
UPCOM: 106 rows updated
UPCOM: 107 rows updated
UPCOM: 108 rows updated
UPCOM: 109 rows updated
UPCOM: 110 rows updated
UPCOM: 111 rows updated
UPCOM: 112 rows updated
UPCOM: 113 rows updated
UPCOM: 114 rows updated
UPCOM: 115 rows updated
UPCOM: 116 rows updated
UPCOM: 117 rows updated
UPCOM: 118 rows updated
UPCOM: 119 rows updated
UPCOM: 120 rows updated
UPCOM: 121 rows updated
UPCOM: 122 rows updated
UPCOM: 123 rows updated
UPCOM: 124 rows updated
UPCOM: 125 rows updated
UPCOM: 126 rows updated
UPCOM: 127 rows updated
UPCOM: 128 rows updated
UPCOM: 129 rows updated
UPCOM: 130 rows updated
UPCOM: 131 rows updated
UPCOM: 132 rows updated
UPCOM: 133 rows updated
UPCOM: 134 rows updated
UPCOM: 135 rows updated
UPCOM: 136 rows updated
UPCOM: 137 rows updated
UPCOM: 138 rows updated
UPCOM: 139 rows updated
UPCOM: 140 rows updated
UPCOM: 141 rows updated
UPCOM: 142 rows updated
UPCOM: 143 rows updated
UPCOM: 144 rows updated
UPCOM: 145 rows updated
UPCOM: 146 rows updated
UPCOM: 147 rows updated
UPCOM: 148 rows updated
UPCOM: 149 rows updated
UPCOM: 150 rows updated
UPCOM: 151 rows updated
UPCOM: 152 rows updated
UPCOM: 153 rows updated
UPCOM: 154 rows updated
UPCOM: 155 rows updated
UPCOM: 156 rows updated
UPCOM: 157 rows updated
UPCOM: 158 rows updated
UPCOM: 159 rows updated
UPCOM: 160 rows updated
UPCOM: 161 rows updated
UPCOM: 162 rows updated
UPCOM: 163 rows updated
UPCOM: 164 rows updated
UPCOM: 165 rows updated
UPCOM: 166 rows updated
UPCOM: 167 rows updated
UPCOM: 168 rows updated
UPCOM: 169 rows updated
UPCOM: 170 rows updated
UPCOM: 171 rows updated
UPCOM: 172 rows updated
UPCOM: 173 rows updated
UPCOM: 174 rows updated
UPCOM: 175 rows updated
UPCOM: 176 rows updated
UPCOM: 177 rows updated
UPCOM: 178 rows updated
UPCOM: 179 rows updated
UPCOM: 180 rows updated
UPCOM: 181 rows updated
UPCOM: 182 rows updated
UPCOM: 183 rows updated
UPCOM: 184 rows updated
UPCOM: 185 rows updated
UPCOM: 186 rows updated
UPCOM: 187 rows updated
UPCOM: 188 rows updated
UPCOM: 189 rows updated
UPCOM: 190 rows updated
UPCOM: 191 rows updated
UPCOM: 192 rows updated
UPCOM: 193 rows updated
UPCOM: 194 rows updated
UPCOM: 195 rows updated
UPCOM: 196 rows updated
UPCOM: 197 rows updated
UPCOM: 198 rows updated
UPCOM: 199 rows updated
UPCOM: 200 rows updated
UPCOM: 201 rows updated
UPCOM: 202 rows updated
UPCOM: 203 rows updated
UPCOM: 204 rows updated
UPCOM: 205 rows updated
UPCOM: 206 rows updated
UPCOM: 207 rows updated
UPCOM: 208 rows updated
UPCOM: 209 rows updated
UPCOM: 210 rows updated
UPCOM: 211 rows updated
UPCOM: 212 rows updated
UPCOM: 213 rows updated
UPCOM: 214 rows updated
UPCOM: 215 rows updated
UPCOM: 216 rows updated
UPCOM: 217 rows updated
UPCOM: 218 rows updated
UPCOM: 219 rows updated
UPCOM: 220 rows updated
UPCOM: 221 rows updated
UPCOM: 222 rows updated
UPCOM: 223 rows updated
UPCOM: 224 rows updated
UPCOM: 225 rows updated
UPCOM: 226 rows updated
UPCOM: 227 rows updated
UPCOM: 228 rows updated
UPCOM: 229 rows updated
UPCOM: 230 rows updated
UPCOM: 231 rows updated
UPCOM: 232 rows updated
UPCOM: 233 rows updated
UPCOM: 234 rows updated
UPCOM: 235 rows updated
UPCOM: 236 rows updated
UPCOM: 237 rows updated
UPCOM: 238 rows updated
UPCOM: 239 rows updated
UPCOM: 240 rows updated
UPCOM: 241 rows updated
UPCOM: 242 rows updated
UPCOM: 243 rows updated
UPCOM: 244 rows updated
UPCOM: 245 rows updated
UPCOM: 246 rows updated
UPCOM: 247 rows updated
UPCOM: 248 rows updated
UPCOM: 249 rows updated
UPCOM: 250 rows updated
UPCOM: 251 rows updated
UPCOM: 252 rows updated
UPCOM: 253 rows updated
UPCOM: 254 rows updated
UPCOM: 255 rows updated
UPCOM: 256 rows updated
UPCOM: 257 rows updated
UPCOM: 258 rows updated
UPCOM: 259 rows updated
UPCOM: 260 rows updated
UPCOM: 261 rows updated
UPCOM: 262 rows updated
UPCOM: 263 rows updated
UPCOM: 264 rows updated
UPCOM: 265 rows updated
UPCOM: 266 rows updated
UPCOM: 267 rows updated
UPCOM: 268 rows updated
UPCOM: 269 rows updated
UPCOM: 270 rows updated
UPCOM: 271 rows updated
UPCOM: 272 rows updated
UPCOM: 273 rows updated
UPCOM: 274 rows updated
UPCOM: 275 rows updated
UPCOM: 276 rows updated
UPCOM: 277 rows updated
UPCOM: 278 rows updated
UPCOM: 279 rows updated
UPCOM: 280 rows updated
UPCOM: 281 rows updated
UPCOM: 282 rows updated
UPCOM: 283 rows updated
UPCOM: 284 rows updated
UPCOM: 285 rows updated
UPCOM: 286 rows updated
UPCOM: 287 rows updated
UPCOM: 288 rows updated
UPCOM: 289 rows updated
UPCOM: 290 rows updated
UPCOM: 291 rows updated
UPCOM: 292 rows updated
UPCOM: 293 rows updated
UPCOM: 294 rows updated
UPCOM: 295 rows updated
UPCOM: 296 rows updated
UPCOM: 297 rows updated
UPCOM: 298 rows updated
UPCOM: 299 rows updated
UPCOM: 300 rows updated
UPCOM: 301 rows updated
UPCOM: 302 rows updated
UPCOM: 303 rows updated
UPCOM: 304 rows updated
UPCOM: 305 rows updated
UPCOM: 306 rows updated
UPCOM: 307 rows updated
UPCOM: 308 rows updated
UPCOM: 309 rows updated
UPCOM: 310 rows updated
UPCOM: 311 rows updated
UPCOM: 312 rows updated
UPCOM: 313 rows updated
UPCOM: 314 rows updated
UPCOM: 315 rows updated
UPCOM: 316 rows updated
UPCOM: 317 rows updated
UPCOM: 318 rows updated
UPCOM: 319 rows updated
UPCOM: 320 rows updated
UPCOM: 321 rows updated
UPCOM: 322 rows updated
UPCOM: 323 rows updated
UPCOM: 324 rows updated
UPCOM: 325 rows updated
UPCOM: 326 rows updated
UPCOM: 327 rows updated
UPCOM: 328 rows updated
UPCOM: 329 rows updated
UPCOM: 330 rows updated
UPCOM: 331 rows updated
UPCOM: 332 rows updated
UPCOM: 333 rows updated
UPCOM: 334 rows updated
UPCOM: 335 rows updated
UPCOM: 336 rows updated
UPCOM: 337 rows updated
UPCOM: 338 rows updated
UPCOM: 339 rows updated
UPCOM: 340 rows updated
UPCOM: 341 rows updated
Foreign key constraint. Stock code VFS removed due to violation
UPCOM: 343 rows updated
UPCOM: 344 rows updated
UPCOM: 345 rows updated
UPCOM: 346 rows updated
UPCOM: 347 rows updated
UPCOM: 348 rows updated
UPCOM: 349 rows updated
UPCOM: 350 rows updated
UPCOM: 351 rows updated
UPCOM: 352 rows updated
UPCOM: 353 rows updated
UPCOM: 354 rows updated
UPCOM: 355 rows updated
UPCOM: 356 rows updated
UPCOM: 357 rows updated
UPCOM: 358 rows updated
UPCOM: 359 rows updated
UPCOM: 360 rows updated
UPCOM: 361 rows updated
UPCOM: 362 rows updated
UPCOM: 363 rows updated
UPCOM: 364 rows updated
UPCOM: 365 rows updated
UPCOM: 366 rows updated
UPCOM: 367 rows updated
UPCOM: 368 rows updated
UPCOM: 369 rows updated
UPCOM: 370 rows updated
UPCOM: 371 rows updated
UPCOM: 372 rows updated
UPCOM: 373 rows updated
UPCOM: 374 rows updated
UPCOM: 375 rows updated
UPCOM: 376 rows updated
UPCOM: 377 rows updated
Updating data for date 2021-07-02
HNX: 1 rows updated
HNX: 2 rows updated
HNX: 3 rows updated
HNX: 4 rows updated
HNX: 5 rows updated
HNX: 6 rows updated
HNX: 7 rows updated
HNX: 8 rows updated
HNX: 9 rows updated
HNX: 10 rows updated
HNX: 11 rows updated
HNX: 12 rows updated
HNX: 13 rows updated
HNX: 14 rows updated
HNX: 15 rows updated
HNX: 16 rows updated
HNX: 17 rows updated
HNX: 18 rows updated
HNX: 19 rows updated
HNX: 20 rows updated
HNX: 21 rows updated
HNX: 22 rows updated
HNX: 23 rows updated
HNX: 24 rows updated
HNX: 25 rows updated
HNX: 26 rows updated
HNX: 27 rows updated
HNX: 28 rows updated
HNX: 29 rows updated
HNX: 30 rows updated
HNX: 31 rows updated
HNX: 32 rows updated
HNX: 33 rows updated
HNX: 34 rows updated
HNX: 35 rows updated
HNX: 36 rows updated
HNX: 37 rows updated
HNX: 38 rows updated
HNX: 39 rows updated
HNX: 40 rows updated
HNX: 41 rows updated
HNX: 42 rows updated
HNX: 43 rows updated
HNX: 44 rows updated
HNX: 45 rows updated
HNX: 46 rows updated
HNX: 47 rows updated
HNX: 48 rows updated
HNX: 49 rows updated
HNX: 50 rows updated
HNX: 51 rows updated
HNX: 52 rows updated
HNX: 53 rows updated
HNX: 54 rows updated
HNX: 55 rows updated
HNX: 56 rows updated
HNX: 57 rows updated
HNX: 58 rows updated
HNX: 59 rows updated
HNX: 60 rows updated
HNX: 61 rows updated
HNX: 62 rows updated
HNX: 63 rows updated
HNX: 64 rows updated
HNX: 65 rows updated
HNX: 66 rows updated
HNX: 67 rows updated
HNX: 68 rows updated
HNX: 69 rows updated
HNX: 70 rows updated
HNX: 71 rows updated
HNX: 72 rows updated
HNX: 73 rows updated
HNX: 74 rows updated
HNX: 75 rows updated
HNX: 76 rows updated
HNX: 77 rows updated
HNX: 78 rows updated
HNX: 79 rows updated
HNX: 80 rows updated
HNX: 81 rows updated
HNX: 82 rows updated
HNX: 83 rows updated
HNX: 84 rows updated
HNX: 85 rows updated
HNX: 86 rows updated
HNX: 87 rows updated
HNX: 88 rows updated
HNX: 89 rows updated
HNX: 90 rows updated
HNX: 91 rows updated
HNX: 92 rows updated
HNX: 93 rows updated
HNX: 94 rows updated
HNX: 95 rows updated
HNX: 96 rows updated
HNX: 97 rows updated
HNX: 98 rows updated
HNX: 99 rows updated
HNX: 100 rows updated
HNX: 101 rows updated
HNX: 102 rows updated
HNX: 103 rows updated
HNX: 104 rows updated
HNX: 105 rows updated
HNX: 106 rows updated
HNX: 107 rows updated
HNX: 108 rows updated
HNX: 109 rows updated
HNX: 110 rows updated
HNX: 111 rows updated
HNX: 112 rows updated
HNX: 113 rows updated
HNX: 114 rows updated
HNX: 115 rows updated
HNX: 116 rows updated
HNX: 117 rows updated
HNX: 118 rows updated
HNX: 119 rows updated
HNX: 120 rows updated
HNX: 121 rows updated
HNX: 122 rows updated
HNX: 123 rows updated
HNX: 124 rows updated
HNX: 125 rows updated
HNX: 126 rows updated
HNX: 127 rows updated
HNX: 128 rows updated
HNX: 129 rows updated
HNX: 130 rows updated
HNX: 131 rows updated
HNX: 132 rows updated
HNX: 133 rows updated
HNX: 134 rows updated
HNX: 135 rows updated
HNX: 136 rows updated
HNX: 137 rows updated
HNX: 138 rows updated
HNX: 139 rows updated
HNX: 140 rows updated
HNX: 141 rows updated
HNX: 142 rows updated
HNX: 143 rows updated
HNX: 144 rows updated
HNX: 145 rows updated
HNX: 146 rows updated
HNX: 147 rows updated
HNX: 148 rows updated
HNX: 149 rows updated
HNX: 150 rows updated
HNX: 151 rows updated
HNX: 152 rows updated
HNX: 153 rows updated
HNX: 154 rows updated
HNX: 155 rows updated
HNX: 156 rows updated
HNX: 157 rows updated
HNX: 158 rows updated
HNX: 159 rows updated
HNX: 160 rows updated
HNX: 161 rows updated
HNX: 162 rows updated
HNX: 163 rows updated
HNX: 164 rows updated
HNX: 165 rows updated
HNX: 166 rows updated
HNX: 167 rows updated
HNX: 168 rows updated
HNX: 169 rows updated
HNX: 170 rows updated
HNX: 171 rows updated
HNX: 172 rows updated
HNX: 173 rows updated
HNX: 174 rows updated
HNX: 175 rows updated
HNX: 176 rows updated
HNX: 177 rows updated
HNX: 178 rows updated
HNX: 179 rows updated
HNX: 180 rows updated
HNX: 181 rows updated
HNX: 182 rows updated
HNX: 183 rows updated
HNX: 184 rows updated
HNX: 185 rows updated
HNX: 186 rows updated
HNX: 187 rows updated
HNX: 188 rows updated
HNX: 189 rows updated
HNX: 190 rows updated
HNX: 191 rows updated
HNX: 192 rows updated
HNX: 193 rows updated
HNX: 194 rows updated
HNX: 195 rows updated
HNX: 196 rows updated
HNX: 197 rows updated
HNX: 198 rows updated
HNX: 199 rows updated
HNX: 200 rows updated
HNX: 201 rows updated
HNX: 202 rows updated
HNX: 203 rows updated
HNX: 204 rows updated
HNX: 205 rows updated
HNX: 206 rows updated
HNX: 207 rows updated
HNX: 208 rows updated
HNX: 209 rows updated
HNX: 210 rows updated
HNX: 211 rows updated
HNX: 212 rows updated
HNX: 213 rows updated
HNX: 214 rows updated
HNX: 215 rows updated
HNX: 216 rows updated
HNX: 217 rows updated
HNX: 218 rows updated
HNX: 219 rows updated
HNX: 220 rows updated
HNX: 221 rows updated
HNX: 222 rows updated
HNX: 223 rows updated
HNX: 224 rows updated
HNX: 225 rows updated
HNX: 226 rows updated
HNX: 227 rows updated
HNX: 228 rows updated
HNX: 229 rows updated
HNX: 230 rows updated
HNX: 231 rows updated
HNX: 232 rows updated
HNX: 233 rows updated
HNX: 234 rows updated
HNX: 235 rows updated
HNX: 236 rows updated
HNX: 237 rows updated
HNX: 238 rows updated
HNX: 239 rows updated
HNX: 240 rows updated
HNX: 241 rows updated
HNX: 242 rows updated
HNX: 243 rows updated
HNX: 244 rows updated
HNX: 245 rows updated
HNX: 246 rows updated
HNX: 247 rows updated
HNX: 248 rows updated
HNX: 249 rows updated
HNX: 250 rows updated
HNX: 251 rows updated
HNX: 252 rows updated
HNX: 253 rows updated
HNX: 254 rows updated
HNX: 255 rows updated
HNX: 256 rows updated
HNX: 257 rows updated
HNX: 258 rows updated
HNX: 259 rows updated
HNX: 260 rows updated
HNX: 261 rows updated
HNX: 262 rows updated
HNX: 263 rows updated
HNX: 264 rows updated
HNX: 265 rows updated
HNX: 266 rows updated
HNX: 267 rows updated
HNX: 268 rows updated
HNX: 269 rows updated
HNX: 270 rows updated
HNX: 271 rows updated
HNX: 272 rows updated
HNX: 273 rows updated
HNX: 274 rows updated
HNX: 275 rows updated
HNX: 276 rows updated
HNX: 277 rows updated
HNX: 278 rows updated
HNX: 279 rows updated
HNX: 280 rows updated
HNX: 281 rows updated
Foreign key constraint. Stock code FUCTVGF2 removed due to violation
Foreign key constraint. Stock code FUCVREIT removed due to violation
HSX: 3 rows updated
HSX: 4 rows updated
HSX: 5 rows updated
HSX: 6 rows updated
HSX: 7 rows updated
HSX: 8 rows updated
HSX: 9 rows updated
HSX: 10 rows updated
HSX: 11 rows updated
HSX: 12 rows updated
HSX: 13 rows updated
HSX: 14 rows updated
HSX: 15 rows updated
HSX: 16 rows updated
HSX: 17 rows updated
HSX: 18 rows updated
HSX: 19 rows updated
HSX: 20 rows updated
HSX: 21 rows updated
HSX: 22 rows updated
HSX: 23 rows updated
HSX: 24 rows updated
HSX: 25 rows updated
HSX: 26 rows updated
HSX: 27 rows updated
HSX: 28 rows updated
HSX: 29 rows updated
HSX: 30 rows updated
HSX: 31 rows updated
HSX: 32 rows updated
HSX: 33 rows updated
HSX: 34 rows updated
HSX: 35 rows updated
HSX: 36 rows updated
HSX: 37 rows updated
HSX: 38 rows updated
HSX: 39 rows updated
HSX: 40 rows updated
HSX: 41 rows updated
HSX: 42 rows updated
HSX: 43 rows updated
HSX: 44 rows updated
HSX: 45 rows updated
HSX: 46 rows updated
HSX: 47 rows updated
HSX: 48 rows updated
HSX: 49 rows updated
HSX: 50 rows updated
HSX: 51 rows updated
HSX: 52 rows updated
HSX: 53 rows updated
HSX: 54 rows updated
HSX: 55 rows updated
HSX: 56 rows updated
HSX: 57 rows updated
HSX: 58 rows updated
HSX: 59 rows updated
HSX: 60 rows updated
HSX: 61 rows updated
HSX: 62 rows updated
HSX: 63 rows updated
HSX: 64 rows updated
HSX: 65 rows updated
HSX: 66 rows updated
HSX: 67 rows updated
HSX: 68 rows updated
HSX: 69 rows updated
HSX: 70 rows updated
HSX: 71 rows updated
HSX: 72 rows updated
HSX: 73 rows updated
HSX: 74 rows updated
HSX: 75 rows updated
HSX: 76 rows updated
HSX: 77 rows updated
HSX: 78 rows updated
HSX: 79 rows updated
HSX: 80 rows updated
HSX: 81 rows updated
HSX: 82 rows updated
HSX: 83 rows updated
HSX: 84 rows updated
HSX: 85 rows updated
HSX: 86 rows updated
HSX: 87 rows updated
HSX: 88 rows updated
HSX: 89 rows updated
HSX: 90 rows updated
HSX: 91 rows updated
HSX: 92 rows updated
HSX: 93 rows updated
HSX: 94 rows updated
HSX: 95 rows updated
HSX: 96 rows updated
HSX: 97 rows updated
HSX: 98 rows updated
HSX: 99 rows updated
HSX: 100 rows updated
HSX: 101 rows updated
HSX: 102 rows updated
HSX: 103 rows updated
HSX: 104 rows updated
HSX: 105 rows updated
HSX: 106 rows updated
HSX: 107 rows updated
HSX: 108 rows updated
HSX: 109 rows updated
HSX: 110 rows updated
HSX: 111 rows updated
HSX: 112 rows updated
HSX: 113 rows updated
HSX: 114 rows updated
HSX: 115 rows updated
HSX: 116 rows updated
HSX: 117 rows updated
HSX: 118 rows updated
HSX: 119 rows updated
HSX: 120 rows updated
HSX: 121 rows updated
HSX: 122 rows updated
HSX: 123 rows updated
HSX: 124 rows updated
HSX: 125 rows updated
HSX: 126 rows updated
HSX: 127 rows updated
HSX: 128 rows updated
HSX: 129 rows updated
HSX: 130 rows updated
HSX: 131 rows updated
HSX: 132 rows updated
HSX: 133 rows updated
HSX: 134 rows updated
HSX: 135 rows updated
HSX: 136 rows updated
HSX: 137 rows updated
HSX: 138 rows updated
HSX: 139 rows updated
HSX: 140 rows updated
HSX: 141 rows updated
HSX: 142 rows updated
HSX: 143 rows updated
HSX: 144 rows updated
HSX: 145 rows updated
HSX: 146 rows updated
HSX: 147 rows updated
HSX: 148 rows updated
HSX: 149 rows updated
HSX: 150 rows updated
HSX: 151 rows updated
HSX: 152 rows updated
HSX: 153 rows updated
HSX: 154 rows updated
HSX: 155 rows updated
HSX: 156 rows updated
HSX: 157 rows updated
HSX: 158 rows updated
HSX: 159 rows updated
HSX: 160 rows updated
HSX: 161 rows updated
HSX: 162 rows updated
HSX: 163 rows updated
HSX: 164 rows updated
HSX: 165 rows updated
HSX: 166 rows updated
HSX: 167 rows updated
HSX: 168 rows updated
HSX: 169 rows updated
HSX: 170 rows updated
HSX: 171 rows updated
HSX: 172 rows updated
HSX: 173 rows updated
HSX: 174 rows updated
HSX: 175 rows updated
HSX: 176 rows updated
HSX: 177 rows updated
HSX: 178 rows updated
HSX: 179 rows updated
HSX: 180 rows updated
HSX: 181 rows updated
HSX: 182 rows updated
HSX: 183 rows updated
HSX: 184 rows updated
HSX: 185 rows updated
HSX: 186 rows updated
HSX: 187 rows updated
HSX: 188 rows updated
HSX: 189 rows updated
HSX: 190 rows updated
HSX: 191 rows updated
HSX: 192 rows updated
HSX: 193 rows updated
HSX: 194 rows updated
HSX: 195 rows updated
HSX: 196 rows updated
HSX: 197 rows updated
HSX: 198 rows updated
HSX: 199 rows updated
HSX: 200 rows updated
HSX: 201 rows updated
HSX: 202 rows updated
HSX: 203 rows updated
HSX: 204 rows updated
HSX: 205 rows updated
HSX: 206 rows updated
HSX: 207 rows updated
HSX: 208 rows updated
HSX: 209 rows updated
HSX: 210 rows updated
HSX: 211 rows updated
HSX: 212 rows updated
HSX: 213 rows updated
HSX: 214 rows updated
HSX: 215 rows updated
HSX: 216 rows updated
HSX: 217 rows updated
HSX: 218 rows updated
HSX: 219 rows updated
HSX: 220 rows updated
HSX: 221 rows updated
HSX: 222 rows updated
HSX: 223 rows updated
HSX: 224 rows updated
HSX: 225 rows updated
HSX: 226 rows updated
HSX: 227 rows updated
HSX: 228 rows updated
HSX: 229 rows updated
HSX: 230 rows updated
HSX: 231 rows updated
HSX: 232 rows updated
HSX: 233 rows updated
HSX: 234 rows updated
HSX: 235 rows updated
HSX: 236 rows updated
HSX: 237 rows updated
HSX: 238 rows updated
HSX: 239 rows updated
HSX: 240 rows updated
HSX: 241 rows updated
HSX: 242 rows updated
HSX: 243 rows updated
HSX: 244 rows updated
HSX: 245 rows updated
HSX: 246 rows updated
HSX: 247 rows updated
HSX: 248 rows updated
HSX: 249 rows updated
HSX: 250 rows updated
HSX: 251 rows updated
HSX: 252 rows updated
HSX: 253 rows updated
HSX: 254 rows updated
HSX: 255 rows updated
HSX: 256 rows updated
HSX: 257 rows updated
HSX: 258 rows updated
HSX: 259 rows updated
HSX: 260 rows updated
HSX: 261 rows updated
HSX: 262 rows updated
HSX: 263 rows updated
HSX: 264 rows updated
HSX: 265 rows updated
HSX: 266 rows updated
HSX: 267 rows updated
HSX: 268 rows updated
HSX: 269 rows updated
HSX: 270 rows updated
HSX: 271 rows updated
HSX: 272 rows updated
HSX: 273 rows updated
HSX: 274 rows updated
HSX: 275 rows updated
HSX: 276 rows updated
HSX: 277 rows updated
HSX: 278 rows updated
HSX: 279 rows updated
HSX: 280 rows updated
HSX: 281 rows updated
HSX: 282 rows updated
HSX: 283 rows updated
HSX: 284 rows updated
HSX: 285 rows updated
HSX: 286 rows updated
HSX: 287 rows updated
HSX: 288 rows updated
HSX: 289 rows updated
HSX: 290 rows updated
HSX: 291 rows updated
HSX: 292 rows updated
HSX: 293 rows updated
HSX: 294 rows updated
HSX: 295 rows updated
HSX: 296 rows updated
HSX: 297 rows updated
HSX: 298 rows updated
HSX: 299 rows updated
HSX: 300 rows updated
HSX: 301 rows updated
HSX: 302 rows updated
HSX: 303 rows updated
HSX: 304 rows updated
HSX: 305 rows updated
HSX: 306 rows updated
HSX: 307 rows updated
HSX: 308 rows updated
HSX: 309 rows updated
HSX: 310 rows updated
HSX: 311 rows updated
HSX: 312 rows updated
HSX: 313 rows updated
HSX: 314 rows updated
HSX: 315 rows updated
HSX: 316 rows updated
HSX: 317 rows updated
HSX: 318 rows updated
HSX: 319 rows updated
HSX: 320 rows updated
HSX: 321 rows updated
HSX: 322 rows updated
HSX: 323 rows updated
HSX: 324 rows updated
HSX: 325 rows updated
HSX: 326 rows updated
HSX: 327 rows updated
HSX: 328 rows updated
HSX: 329 rows updated
HSX: 330 rows updated
HSX: 331 rows updated
HSX: 332 rows updated
HSX: 333 rows updated
HSX: 334 rows updated
HSX: 335 rows updated
HSX: 336 rows updated
HSX: 337 rows updated
HSX: 338 rows updated
HSX: 339 rows updated
HSX: 340 rows updated
HSX: 341 rows updated
HSX: 342 rows updated
HSX: 343 rows updated
HSX: 344 rows updated
HSX: 345 rows updated
HSX: 346 rows updated
HSX: 347 rows updated
HSX: 348 rows updated
HSX: 349 rows updated
HSX: 350 rows updated
HSX: 351 rows updated
HSX: 352 rows updated
HSX: 353 rows updated
HSX: 354 rows updated
HSX: 355 rows updated
HSX: 356 rows updated
HSX: 357 rows updated
HSX: 358 rows updated
HSX: 359 rows updated
HSX: 360 rows updated
HSX: 361 rows updated
HSX: 362 rows updated
HSX: 363 rows updated
HSX: 364 rows updated
HSX: 365 rows updated
HSX: 366 rows updated
HSX: 367 rows updated
HSX: 368 rows updated
Foreign key constraint. Stock code VNAll-INDEX removed due to violation
Foreign key constraint. Stock code CHDB2101 removed due to violation
Foreign key constraint. Stock code CHPG2101 removed due to violation
Foreign key constraint. Stock code CHPG2103 removed due to violation
Foreign key constraint. Stock code CHPG2105 removed due to violation
Foreign key constraint. Stock code CHPG2106 removed due to violation
Foreign key constraint. Stock code CHPG2107 removed due to violation
Foreign key constraint. Stock code CHPG2108 removed due to violation
Foreign key constraint. Stock code CKDH2002 removed due to violation
Foreign key constraint. Stock code CKDH2101 removed due to violation
Foreign key constraint. Stock code CKDH2102 removed due to violation
Foreign key constraint. Stock code CMBB2101 removed due to violation
Foreign key constraint. Stock code CMBB2102 removed due to violation
Foreign key constraint. Stock code CMSN2101 removed due to violation
Foreign key constraint. Stock code CMSN2102 removed due to violation
Foreign key constraint. Stock code CMSN2103 removed due to violation
Foreign key constraint. Stock code CMWG2101 removed due to violation
Foreign key constraint. Stock code CMWG2102 removed due to violation
Foreign key constraint. Stock code CMWG2104 removed due to violation
Foreign key constraint. Stock code CMWG2105 removed due to violation
Foreign key constraint. Stock code CNVL2101 removed due to violation
Foreign key constraint. Stock code CNVL2102 removed due to violation
Foreign key constraint. Stock code CPDR2101 removed due to violation
Foreign key constraint. Stock code CPDR2102 removed due to violation
Foreign key constraint. Stock code CPNJ2101 removed due to violation
Foreign key constraint. Stock code CPNJ2102 removed due to violation
Foreign key constraint. Stock code CREE2101 removed due to violation
Foreign key constraint. Stock code CSBT2101 removed due to violation
Foreign key constraint. Stock code CSTB2101 removed due to violation
Foreign key constraint. Stock code CSTB2103 removed due to violation
Foreign key constraint. Stock code CSTB2104 removed due to violation
Foreign key constraint. Stock code CTCB2012 removed due to violation
Foreign key constraint. Stock code CTCB2101 removed due to violation
Foreign key constraint. Stock code CTCB2102 removed due to violation
Foreign key constraint. Stock code CTCB2103 removed due to violation
Foreign key constraint. Stock code CTCB2104 removed due to violation
Foreign key constraint. Stock code CTCH2003 removed due to violation
Foreign key constraint. Stock code CTCH2101 removed due to violation
Foreign key constraint. Stock code CTCH2102 removed due to violation
Foreign key constraint. Stock code CTCH2103 removed due to violation
Foreign key constraint. Stock code CVHM2101 removed due to violation
Foreign key constraint. Stock code CVHM2102 removed due to violation
Foreign key constraint. Stock code CVHM2104 removed due to violation
Foreign key constraint. Stock code CVHM2105 removed due to violation
Foreign key constraint. Stock code CVHM2106 removed due to violation
Foreign key constraint. Stock code CVIC2101 removed due to violation
Foreign key constraint. Stock code CVIC2103 removed due to violation
Foreign key constraint. Stock code CVNM2101 removed due to violation
Foreign key constraint. Stock code CVNM2102 removed due to violation
Foreign key constraint. Stock code CVNM2104 removed due to violation
Foreign key constraint. Stock code CVNM2105 removed due to violation
Foreign key constraint. Stock code CVPB2015 removed due to violation
Foreign key constraint. Stock code CVPB2101 removed due to violation
Foreign key constraint. Stock code CVPB2103 removed due to violation
Foreign key constraint. Stock code CVPB2104 removed due to violation
Foreign key constraint. Stock code CVRE2013 removed due to violation
Foreign key constraint. Stock code CVRE2101 removed due to violation
Foreign key constraint. Stock code CVRE2102 removed due to violation
Foreign key constraint. Stock code CVRE2103 removed due to violation
Foreign key constraint. Stock code CVRE2104 removed due to violation
Foreign key constraint. Stock code E1VFVN30 removed due to violation
Foreign key constraint. Stock code FUEMAV30 removed due to violation
Foreign key constraint. Stock code FUESSV30 removed due to violation
Foreign key constraint. Stock code FUESSV50 removed due to violation
Foreign key constraint. Stock code FUESSVFL removed due to violation
Foreign key constraint. Stock code FUEVFVND removed due to violation
Foreign key constraint. Stock code FUEVN100 removed due to violation
HSX: 436 rows updated
UPCOM: 1 rows updated
UPCOM: 2 rows updated
UPCOM: 3 rows updated
UPCOM: 4 rows updated
UPCOM: 5 rows updated
UPCOM: 6 rows updated
UPCOM: 7 rows updated
UPCOM: 8 rows updated
UPCOM: 9 rows updated
UPCOM: 10 rows updated
UPCOM: 11 rows updated
UPCOM: 12 rows updated
UPCOM: 13 rows updated
UPCOM: 14 rows updated
UPCOM: 15 rows updated
UPCOM: 16 rows updated
UPCOM: 17 rows updated
UPCOM: 18 rows updated
UPCOM: 19 rows updated
UPCOM: 20 rows updated
UPCOM: 21 rows updated
UPCOM: 22 rows updated
UPCOM: 23 rows updated
UPCOM: 24 rows updated
UPCOM: 25 rows updated
UPCOM: 26 rows updated
UPCOM: 27 rows updated
UPCOM: 28 rows updated
UPCOM: 29 rows updated
UPCOM: 30 rows updated
UPCOM: 31 rows updated
UPCOM: 32 rows updated
UPCOM: 33 rows updated
UPCOM: 34 rows updated
UPCOM: 35 rows updated
UPCOM: 36 rows updated
UPCOM: 37 rows updated
UPCOM: 38 rows updated
UPCOM: 39 rows updated
UPCOM: 40 rows updated
UPCOM: 41 rows updated
UPCOM: 42 rows updated
UPCOM: 43 rows updated
UPCOM: 44 rows updated
UPCOM: 45 rows updated
UPCOM: 46 rows updated
UPCOM: 47 rows updated
UPCOM: 48 rows updated
UPCOM: 49 rows updated
UPCOM: 50 rows updated
UPCOM: 51 rows updated
UPCOM: 52 rows updated
UPCOM: 53 rows updated
UPCOM: 54 rows updated
UPCOM: 55 rows updated
UPCOM: 56 rows updated
UPCOM: 57 rows updated
UPCOM: 58 rows updated
UPCOM: 59 rows updated
UPCOM: 60 rows updated
UPCOM: 61 rows updated
UPCOM: 62 rows updated
UPCOM: 63 rows updated
UPCOM: 64 rows updated
UPCOM: 65 rows updated
UPCOM: 66 rows updated
UPCOM: 67 rows updated
UPCOM: 68 rows updated
UPCOM: 69 rows updated
UPCOM: 70 rows updated
UPCOM: 71 rows updated
UPCOM: 72 rows updated
UPCOM: 73 rows updated
UPCOM: 74 rows updated
UPCOM: 75 rows updated
UPCOM: 76 rows updated
UPCOM: 77 rows updated
UPCOM: 78 rows updated
UPCOM: 79 rows updated
UPCOM: 80 rows updated
UPCOM: 81 rows updated
UPCOM: 82 rows updated
UPCOM: 83 rows updated
UPCOM: 84 rows updated
UPCOM: 85 rows updated
UPCOM: 86 rows updated
UPCOM: 87 rows updated
UPCOM: 88 rows updated
UPCOM: 89 rows updated
UPCOM: 90 rows updated
UPCOM: 91 rows updated
UPCOM: 92 rows updated
UPCOM: 93 rows updated
UPCOM: 94 rows updated
UPCOM: 95 rows updated
UPCOM: 96 rows updated
UPCOM: 97 rows updated
UPCOM: 98 rows updated
UPCOM: 99 rows updated
UPCOM: 100 rows updated
UPCOM: 101 rows updated
UPCOM: 102 rows updated
UPCOM: 103 rows updated
UPCOM: 104 rows updated
UPCOM: 105 rows updated
UPCOM: 106 rows updated
UPCOM: 107 rows updated
UPCOM: 108 rows updated
UPCOM: 109 rows updated
UPCOM: 110 rows updated
UPCOM: 111 rows updated
UPCOM: 112 rows updated
UPCOM: 113 rows updated
UPCOM: 114 rows updated
UPCOM: 115 rows updated
UPCOM: 116 rows updated
UPCOM: 117 rows updated
UPCOM: 118 rows updated
UPCOM: 119 rows updated
UPCOM: 120 rows updated
UPCOM: 121 rows updated
UPCOM: 122 rows updated
UPCOM: 123 rows updated
UPCOM: 124 rows updated
UPCOM: 125 rows updated
UPCOM: 126 rows updated
UPCOM: 127 rows updated
UPCOM: 128 rows updated
UPCOM: 129 rows updated
UPCOM: 130 rows updated
UPCOM: 131 rows updated
UPCOM: 132 rows updated
UPCOM: 133 rows updated
UPCOM: 134 rows updated
UPCOM: 135 rows updated
UPCOM: 136 rows updated
UPCOM: 137 rows updated
UPCOM: 138 rows updated
UPCOM: 139 rows updated
UPCOM: 140 rows updated
UPCOM: 141 rows updated
UPCOM: 142 rows updated
UPCOM: 143 rows updated
UPCOM: 144 rows updated
UPCOM: 145 rows updated
UPCOM: 146 rows updated
UPCOM: 147 rows updated
UPCOM: 148 rows updated
UPCOM: 149 rows updated
UPCOM: 150 rows updated
UPCOM: 151 rows updated
UPCOM: 152 rows updated
UPCOM: 153 rows updated
UPCOM: 154 rows updated
UPCOM: 155 rows updated
UPCOM: 156 rows updated
UPCOM: 157 rows updated
UPCOM: 158 rows updated
UPCOM: 159 rows updated
UPCOM: 160 rows updated
UPCOM: 161 rows updated
UPCOM: 162 rows updated
UPCOM: 163 rows updated
UPCOM: 164 rows updated
UPCOM: 165 rows updated
UPCOM: 166 rows updated
UPCOM: 167 rows updated
UPCOM: 168 rows updated
UPCOM: 169 rows updated
UPCOM: 170 rows updated
UPCOM: 171 rows updated
UPCOM: 172 rows updated
UPCOM: 173 rows updated
UPCOM: 174 rows updated
UPCOM: 175 rows updated
UPCOM: 176 rows updated
UPCOM: 177 rows updated
UPCOM: 178 rows updated
UPCOM: 179 rows updated
UPCOM: 180 rows updated
UPCOM: 181 rows updated
UPCOM: 182 rows updated
UPCOM: 183 rows updated
UPCOM: 184 rows updated
UPCOM: 185 rows updated
UPCOM: 186 rows updated
UPCOM: 187 rows updated
UPCOM: 188 rows updated
UPCOM: 189 rows updated
UPCOM: 190 rows updated
UPCOM: 191 rows updated
UPCOM: 192 rows updated
UPCOM: 193 rows updated
UPCOM: 194 rows updated
UPCOM: 195 rows updated
UPCOM: 196 rows updated
UPCOM: 197 rows updated
UPCOM: 198 rows updated
UPCOM: 199 rows updated
UPCOM: 200 rows updated
UPCOM: 201 rows updated
UPCOM: 202 rows updated
UPCOM: 203 rows updated
UPCOM: 204 rows updated
UPCOM: 205 rows updated
UPCOM: 206 rows updated
UPCOM: 207 rows updated
UPCOM: 208 rows updated
UPCOM: 209 rows updated
UPCOM: 210 rows updated
UPCOM: 211 rows updated
UPCOM: 212 rows updated
UPCOM: 213 rows updated
UPCOM: 214 rows updated
UPCOM: 215 rows updated
UPCOM: 216 rows updated
UPCOM: 217 rows updated
UPCOM: 218 rows updated
UPCOM: 219 rows updated
UPCOM: 220 rows updated
UPCOM: 221 rows updated
UPCOM: 222 rows updated
UPCOM: 223 rows updated
UPCOM: 224 rows updated
UPCOM: 225 rows updated
UPCOM: 226 rows updated
UPCOM: 227 rows updated
UPCOM: 228 rows updated
UPCOM: 229 rows updated
UPCOM: 230 rows updated
UPCOM: 231 rows updated
UPCOM: 232 rows updated
UPCOM: 233 rows updated
UPCOM: 234 rows updated
UPCOM: 235 rows updated
UPCOM: 236 rows updated
UPCOM: 237 rows updated
UPCOM: 238 rows updated
UPCOM: 239 rows updated
UPCOM: 240 rows updated
UPCOM: 241 rows updated
UPCOM: 242 rows updated
UPCOM: 243 rows updated
UPCOM: 244 rows updated
UPCOM: 245 rows updated
UPCOM: 246 rows updated
UPCOM: 247 rows updated
UPCOM: 248 rows updated
UPCOM: 249 rows updated
UPCOM: 250 rows updated
UPCOM: 251 rows updated
UPCOM: 252 rows updated
UPCOM: 253 rows updated
UPCOM: 254 rows updated
UPCOM: 255 rows updated
UPCOM: 256 rows updated
UPCOM: 257 rows updated
UPCOM: 258 rows updated
UPCOM: 259 rows updated
UPCOM: 260 rows updated
UPCOM: 261 rows updated
UPCOM: 262 rows updated
UPCOM: 263 rows updated
UPCOM: 264 rows updated
UPCOM: 265 rows updated
UPCOM: 266 rows updated
UPCOM: 267 rows updated
UPCOM: 268 rows updated
UPCOM: 269 rows updated
UPCOM: 270 rows updated
UPCOM: 271 rows updated
UPCOM: 272 rows updated
UPCOM: 273 rows updated
UPCOM: 274 rows updated
UPCOM: 275 rows updated
UPCOM: 276 rows updated
UPCOM: 277 rows updated
UPCOM: 278 rows updated
UPCOM: 279 rows updated
UPCOM: 280 rows updated
UPCOM: 281 rows updated
UPCOM: 282 rows updated
UPCOM: 283 rows updated
UPCOM: 284 rows updated
UPCOM: 285 rows updated
UPCOM: 286 rows updated
UPCOM: 287 rows updated
UPCOM: 288 rows updated
UPCOM: 289 rows updated
UPCOM: 290 rows updated
UPCOM: 291 rows updated
UPCOM: 292 rows updated
UPCOM: 293 rows updated
UPCOM: 294 rows updated
UPCOM: 295 rows updated
UPCOM: 296 rows updated
UPCOM: 297 rows updated
UPCOM: 298 rows updated
UPCOM: 299 rows updated
UPCOM: 300 rows updated
UPCOM: 301 rows updated
UPCOM: 302 rows updated
UPCOM: 303 rows updated
UPCOM: 304 rows updated
UPCOM: 305 rows updated
UPCOM: 306 rows updated
UPCOM: 307 rows updated
UPCOM: 308 rows updated
UPCOM: 309 rows updated
UPCOM: 310 rows updated
UPCOM: 311 rows updated
UPCOM: 312 rows updated
UPCOM: 313 rows updated
UPCOM: 314 rows updated
UPCOM: 315 rows updated
UPCOM: 316 rows updated
UPCOM: 317 rows updated
UPCOM: 318 rows updated
UPCOM: 319 rows updated
UPCOM: 320 rows updated
UPCOM: 321 rows updated
UPCOM: 322 rows updated
UPCOM: 323 rows updated
UPCOM: 324 rows updated
UPCOM: 325 rows updated
UPCOM: 326 rows updated
UPCOM: 327 rows updated
UPCOM: 328 rows updated
UPCOM: 329 rows updated
UPCOM: 330 rows updated
UPCOM: 331 rows updated
UPCOM: 332 rows updated
UPCOM: 333 rows updated
UPCOM: 334 rows updated
UPCOM: 335 rows updated
UPCOM: 336 rows updated
UPCOM: 337 rows updated
UPCOM: 338 rows updated
UPCOM: 339 rows updated
UPCOM: 340 rows updated
UPCOM: 341 rows updated
UPCOM: 342 rows updated
UPCOM: 343 rows updated
UPCOM: 344 rows updated
UPCOM: 345 rows updated
UPCOM: 346 rows updated
UPCOM: 347 rows updated
UPCOM: 348 rows updated
UPCOM: 349 rows updated
UPCOM: 350 rows updated
UPCOM: 351 rows updated
UPCOM: 352 rows updated
UPCOM: 353 rows updated
UPCOM: 354 rows updated
UPCOM: 355 rows updated
UPCOM: 356 rows updated
UPCOM: 357 rows updated
UPCOM: 358 rows updated
UPCOM: 359 rows updated
UPCOM: 360 rows updated
UPCOM: 361 rows updated
UPCOM: 362 rows updated
UPCOM: 363 rows updated
UPCOM: 364 rows updated
UPCOM: 365 rows updated
UPCOM: 366 rows updated
UPCOM: 367 rows updated
UPCOM: 368 rows updated
UPCOM: 369 rows updated
UPCOM: 370 rows updated
UPCOM: 371 rows updated
UPCOM: 372 rows updated
UPCOM: 373 rows updated
UPCOM: 374 rows updated
UPCOM: 375 rows updated
UPCOM: 376 rows updated
UPCOM: 377 rows updated
UPCOM: 378 rows updated
UPCOM: 379 rows updated
UPCOM: 380 rows updated
UPCOM: 381 rows updated
UPCOM: 382 rows updated
UPCOM: 383 rows updated
UPCOM: 384 rows updated
UPCOM: 385 rows updated
UPCOM: 386 rows updated
UPCOM: 387 rows updated
UPCOM: 388 rows updated
UPCOM: 389 rows updated
UPCOM: 390 rows updated
UPCOM: 391 rows updated
UPCOM: 392 rows updated
UPCOM: 393 rows updated
UPCOM: 394 rows updated
UPCOM: 395 rows updated
UPCOM: 396 rows updated
UPCOM: 397 rows updated
UPCOM: 398 rows updated
UPCOM: 399 rows updated
UPCOM: 400 rows updated
UPCOM: 401 rows updated
UPCOM: 402 rows updated
UPCOM: 403 rows updated
UPCOM: 404 rows updated
UPCOM: 405 rows updated
UPCOM: 406 rows updated
UPCOM: 407 rows updated
UPCOM: 408 rows updated
UPCOM: 409 rows updated
UPCOM: 410 rows updated
UPCOM: 411 rows updated
UPCOM: 412 rows updated
UPCOM: 413 rows updated
UPCOM: 414 rows updated
UPCOM: 415 rows updated
UPCOM: 416 rows updated
UPCOM: 417 rows updated
UPCOM: 418 rows updated
UPCOM: 419 rows updated
UPCOM: 420 rows updated
UPCOM: 421 rows updated
UPCOM: 422 rows updated
UPCOM: 423 rows updated
UPCOM: 424 rows updated
UPCOM: 425 rows updated
UPCOM: 426 rows updated
UPCOM: 427 rows updated
UPCOM: 428 rows updated
UPCOM: 429 rows updated
UPCOM: 430 rows updated
UPCOM: 431 rows updated
UPCOM: 432 rows updated
UPCOM: 433 rows updated
UPCOM: 434 rows updated
UPCOM: 435 rows updated
UPCOM: 436 rows updated
UPCOM: 437 rows updated
UPCOM: 438 rows updated
UPCOM: 439 rows updated
UPCOM: 440 rows updated
UPCOM: 441 rows updated
UPCOM: 442 rows updated
UPCOM: 443 rows updated
UPCOM: 444 rows updated
Foreign key constraint. Stock code VFS removed due to violation
UPCOM: 446 rows updated
UPCOM: 447 rows updated
UPCOM: 448 rows updated
UPCOM: 449 rows updated
UPCOM: 450 rows updated
UPCOM: 451 rows updated
UPCOM: 452 rows updated
UPCOM: 453 rows updated
UPCOM: 454 rows updated
UPCOM: 455 rows updated
UPCOM: 456 rows updated
UPCOM: 457 rows updated
UPCOM: 458 rows updated
UPCOM: 459 rows updated
UPCOM: 460 rows updated
UPCOM: 461 rows updated
UPCOM: 462 rows updated
UPCOM: 463 rows updated
UPCOM: 464 rows updated
UPCOM: 465 rows updated
UPCOM: 466 rows updated
UPCOM: 467 rows updated
UPCOM: 468 rows updated
UPCOM: 469 rows updated
UPCOM: 470 rows updated
UPCOM: 471 rows updated
UPCOM: 472 rows updated
UPCOM: 473 rows updated
UPCOM: 474 rows updated
UPCOM: 475 rows updated
UPCOM: 476 rows updated
UPCOM: 477 rows updated
UPCOM: 478 rows updated
UPCOM: 479 rows updated
UPCOM: 480 rows updated
UPCOM: 481 rows updated
UPCOM: 482 rows updated
UPCOM: 483 rows updated
UPCOM: 484 rows updated
UPCOM: 485 rows updated
UPCOM: 486 rows updated
UPCOM: 487 rows updated
UPCOM: 488 rows updated
Updating data for date 2021-07-02
Index: 1 rows updated
